{"/Users/josevaladez/Documents/Rpt13/Jose-Questions-And-Answers-Service/client/src/Foo.js": {"path":"/Users/josevaladez/Documents/Rpt13/Jose-Questions-And-Answers-Service/client/src/Foo.js","statementMap":{"0":{"start":{"line":3,"column":18},"end":{"line":3,"column":20}},"1":{"start":{"line":5,"column":21},"end":{"line":5,"column":23}},"2":{"start":{"line":9,"column":4},"end":{"line":9,"column":17}},"3":{"start":{"line":13,"column":4},"end":{"line":17,"column":6}},"4":{"start":{"line":21,"column":0},"end":{"line":21,"column":26}},"5":{"start":{"line":22,"column":0},"end":{"line":22,"column":32}}},"fnMap":{"0":{"name":"(anonymous_0)","decl":{"start":{"line":8,"column":2},"end":{"line":8,"column":3}},"loc":{"start":{"line":8,"column":21},"end":{"line":10,"column":3}},"line":8},"1":{"name":"(anonymous_1)","decl":{"start":{"line":12,"column":2},"end":{"line":12,"column":3}},"loc":{"start":{"line":12,"column":11},"end":{"line":18,"column":3}},"line":12}},"branchMap":{},"s":{"0":1,"1":1,"2":0,"3":0,"4":1,"5":1},"f":{"0":0,"1":0},"b":{},"_coverageSchema":"43e27e138ebf9cfc5966b082cf9a028302ed4184","hash":"4987362b47265d762bce26bb1c8e05ba8f8f799a"}
,"/Users/josevaladez/Documents/Rpt13/Jose-Questions-And-Answers-Service/client/src/components/Search.jsx": {"path":"/Users/josevaladez/Documents/Rpt13/Jose-Questions-And-Answers-Service/client/src/components/Search.jsx","statementMap":{"0":{"start":{"line":5,"column":2},"end":{"line":5,"column":15}},"1":{"start":{"line":6,"column":2},"end":{"line":9,"column":3}},"2":{"start":{"line":10,"column":2},"end":{"line":10,"column":51}},"3":{"start":{"line":15,"column":14},"end":{"line":15,"column":28}},"4":{"start":{"line":16,"column":2},"end":{"line":16,"column":36}},"5":{"start":{"line":17,"column":2},"end":{"line":37,"column":5}},"6":{"start":{"line":18,"column":16},"end":{"line":18,"column":44}},"7":{"start":{"line":19,"column":3},"end":{"line":19,"column":39}},"8":{"start":{"line":20,"column":25},"end":{"line":20,"column":35}},"9":{"start":{"line":22,"column":3},"end":{"line":31,"column":4}},"10":{"start":{"line":22,"column":16},"end":{"line":22,"column":17}},"11":{"start":{"line":23,"column":19},"end":{"line":23,"column":51}},"12":{"start":{"line":26,"column":4},"end":{"line":30,"column":5}},"13":{"start":{"line":28,"column":5},"end":{"line":28,"column":53}},"14":{"start":{"line":29,"column":5},"end":{"line":29,"column":31}},"15":{"start":{"line":33,"column":3},"end":{"line":36,"column":4}},"16":{"start":{"line":34,"column":4},"end":{"line":34,"column":44}},"17":{"start":{"line":35,"column":4},"end":{"line":35,"column":54}},"18":{"start":{"line":41,"column":2},"end":{"line":53,"column":3}}},"fnMap":{"0":{"name":"(anonymous_0)","decl":{"start":{"line":4,"column":1},"end":{"line":4,"column":2}},"loc":{"start":{"line":4,"column":20},"end":{"line":11,"column":2}},"line":4},"1":{"name":"(anonymous_1)","decl":{"start":{"line":14,"column":1},"end":{"line":14,"column":2}},"loc":{"start":{"line":14,"column":17},"end":{"line":38,"column":2}},"line":14},"2":{"name":"(anonymous_2)","decl":{"start":{"line":17,"column":35},"end":{"line":17,"column":36}},"loc":{"start":{"line":17,"column":40},"end":{"line":37,"column":3}},"line":17},"3":{"name":"(anonymous_3)","decl":{"start":{"line":40,"column":1},"end":{"line":40,"column":2}},"loc":{"start":{"line":40,"column":10},"end":{"line":54,"column":2}},"line":40}},"branchMap":{"0":{"loc":{"start":{"line":26,"column":4},"end":{"line":30,"column":5}},"type":"if","locations":[{"start":{"line":26,"column":4},"end":{"line":30,"column":5}},{"start":{"line":26,"column":4},"end":{"line":30,"column":5}}],"line":26},"1":{"loc":{"start":{"line":26,"column":8},"end":{"line":26,"column":78}},"type":"binary-expr","locations":[{"start":{"line":26,"column":8},"end":{"line":26,"column":32}},{"start":{"line":26,"column":36},"end":{"line":26,"column":78}}],"line":26},"2":{"loc":{"start":{"line":33,"column":3},"end":{"line":36,"column":4}},"type":"if","locations":[{"start":{"line":33,"column":3},"end":{"line":36,"column":4}},{"start":{"line":33,"column":3},"end":{"line":36,"column":4}}],"line":33}},"s":{"0":2,"1":2,"2":2,"3":0,"4":0,"5":0,"6":0,"7":0,"8":0,"9":0,"10":0,"11":0,"12":0,"13":0,"14":0,"15":0,"16":0,"17":0,"18":2},"f":{"0":2,"1":0,"2":0,"3":2},"b":{"0":[0,0],"1":[0,0],"2":[0,0]},"_coverageSchema":"43e27e138ebf9cfc5966b082cf9a028302ed4184","hash":"df02bacb2f7be7d1afc5ebf367ab5e45706c73c2"}
}
