TN:
SF:/Users/josevaladez/Documents/Rpt13/Jose-Questions-And-Answers-Service/client/src/Foo.js
FN:8,(anonymous_0)
FN:12,(anonymous_1)
FNF:2
FNH:0
FNDA:0,(anonymous_0)
FNDA:0,(anonymous_1)
DA:3,1
DA:5,1
DA:9,0
DA:13,0
DA:21,1
DA:22,1
LF:6
LH:4
BRF:0
BRH:0
end_of_record
TN:
SF:/Users/josevaladez/Documents/Rpt13/Jose-Questions-And-Answers-Service/client/src/components/Search.jsx
FN:4,(anonymous_0)
FN:14,(anonymous_1)
FN:17,(anonymous_2)
FN:40,(anonymous_3)
FNF:4
FNH:2
FNDA:2,(anonymous_0)
FNDA:0,(anonymous_1)
FNDA:0,(anonymous_2)
FNDA:2,(anonymous_3)
DA:5,2
DA:6,2
DA:10,2
DA:15,0
DA:16,0
DA:17,0
DA:18,0
DA:19,0
DA:20,0
DA:22,0
DA:23,0
DA:26,0
DA:28,0
DA:29,0
DA:33,0
DA:34,0
DA:35,0
DA:41,2
LF:18
LH:4
BRDA:26,0,0,0
BRDA:26,0,1,0
BRDA:26,1,0,0
BRDA:26,1,1,0
BRDA:33,2,0,0
BRDA:33,2,1,0
BRF:6
BRH:0
end_of_record
